<?xml version="1.0" encoding="UTF-8"?>
<coverage generated="1482549557784" clover="3.2.0">
  <project timestamp="1482549557784" name="All files">
    <metrics statements="39" coveredstatements="38" conditionals="5" coveredconditionals="3" methods="18" coveredmethods="18" elements="62" coveredelements="59" complexity="0" loc="39" ncloc="39" packages="3" files="9" classes="9">
      <package name="src">
        <metrics statements="0" coveredstatements="0" conditionals="0" coveredconditionals="0" methods="0" coveredmethods="0"/>
        <file name="index.js" path="/Users/mschock/dev/datagrep/src/index.js">
          <metrics statements="0" coveredstatements="0" conditionals="0" coveredconditionals="0" methods="0" coveredmethods="0"/>
        </file>
      </package>
      <package name="src.app">
        <metrics statements="12" coveredstatements="12" conditionals="0" coveredconditionals="0" methods="2" coveredmethods="2"/>
        <file name="computeCost.js" path="/Users/mschock/dev/datagrep/src/app/computeCost.js">
          <metrics statements="4" coveredstatements="4" conditionals="0" coveredconditionals="0" methods="1" coveredmethods="1"/>
          <line num="5" count="1" type="stmt"/>
          <line num="6" count="1" type="stmt"/>
          <line num="7" count="1" type="stmt"/>
          <line num="9" count="1" type="stmt"/>
        </file>
        <file name="gradientDescent.js" path="/Users/mschock/dev/datagrep/src/app/gradientDescent.js">
          <metrics statements="8" coveredstatements="8" conditionals="0" coveredconditionals="0" methods="1" coveredmethods="1"/>
          <line num="11" count="1" type="stmt"/>
          <line num="12" count="1" type="stmt"/>
          <line num="14" count="1" type="stmt"/>
          <line num="15" count="1500" type="stmt"/>
          <line num="16" count="1500" type="stmt"/>
          <line num="17" count="1500" type="stmt"/>
          <line num="19" count="1500" type="stmt"/>
          <line num="22" count="1" type="stmt"/>
        </file>
        <file name="index.js" path="/Users/mschock/dev/datagrep/src/app/index.js">
          <metrics statements="0" coveredstatements="0" conditionals="0" coveredconditionals="0" methods="0" coveredmethods="0"/>
        </file>
      </package>
      <package name="src.utils">
        <metrics statements="27" coveredstatements="26" conditionals="5" coveredconditionals="3" methods="16" coveredmethods="16"/>
        <file name="common.js" path="/Users/mschock/dev/datagrep/src/utils/common.js">
          <metrics statements="1" coveredstatements="1" conditionals="0" coveredconditionals="0" methods="1" coveredmethods="1"/>
          <line num="8" count="1501" type="stmt"/>
        </file>
        <file name="csv.js" path="/Users/mschock/dev/datagrep/src/utils/csv.js">
          <metrics statements="5" coveredstatements="5" conditionals="3" coveredconditionals="2" methods="3" coveredmethods="3"/>
          <line num="7" count="2" type="stmt"/>
          <line num="8" count="2" type="stmt"/>
          <line num="9" count="2" type="stmt"/>
          <line num="10" count="2" type="stmt"/>
          <line num="11" count="2" type="stmt"/>
        </file>
        <file name="file.js" path="/Users/mschock/dev/datagrep/src/utils/file.js">
          <metrics statements="4" coveredstatements="4" conditionals="2" coveredconditionals="1" methods="3" coveredmethods="3"/>
          <line num="6" count="2" type="stmt"/>
          <line num="7" count="2" type="stmt"/>
          <line num="8" count="2" type="stmt"/>
          <line num="9" count="2" type="stmt"/>
        </file>
        <file name="index.js" path="/Users/mschock/dev/datagrep/src/utils/index.js">
          <metrics statements="0" coveredstatements="0" conditionals="0" coveredconditionals="0" methods="0" coveredmethods="0"/>
        </file>
        <file name="linearAlgebra.js" path="/Users/mschock/dev/datagrep/src/utils/linearAlgebra.js">
          <metrics statements="17" coveredstatements="16" conditionals="0" coveredconditionals="0" methods="9" coveredmethods="9"/>
          <line num="16" count="3001" type="stmt"/>
          <line num="21" count="1500" type="stmt"/>
          <line num="22" count="1500" type="stmt"/>
          <line num="24" count="0" type="stmt"/>
          <line num="26" count="1500" type="stmt"/>
          <line num="30" count="2" type="stmt"/>
          <line num="34" count="2" type="stmt"/>
          <line num="38" count="2" type="stmt"/>
          <line num="42" count="2" type="stmt"/>
          <line num="43" count="2" type="stmt"/>
          <line num="44" count="2" type="stmt"/>
          <line num="45" count="2" type="stmt"/>
          <line num="47" count="2" type="stmt"/>
          <line num="51" count="3001" type="stmt"/>
          <line num="55" count="1" type="stmt"/>
          <line num="56" count="1" type="stmt"/>
          <line num="60" count="1" type="stmt"/>
        </file>
      </package>
    </metrics>
  </project>
</coverage>
