{"/Users/mschock/dev/datagrep/src/index.js": {"path":"/Users/mschock/dev/datagrep/src/index.js","statementMap":{},"fnMap":{},"branchMap":{},"s":{},"f":{},"b":{},"_coverageSchema":"332fd63041d2c1bcb487cc26dd0d5f7d97098a6c","hash":"004a28bc36fb320851a6f59e83c2991ee207389c"}
,"/Users/mschock/dev/datagrep/src/app/computeCost.js": {"path":"/Users/mschock/dev/datagrep/src/app/computeCost.js","statementMap":{"0":{"start":{"line":5,"column":12},"end":{"line":5,"column":22}},"1":{"start":{"line":6,"column":18},"end":{"line":6,"column":37}},"2":{"start":{"line":7,"column":15},"end":{"line":7,"column":44}},"3":{"start":{"line":9,"column":2},"end":{"line":9,"column":13}}},"fnMap":{"0":{"name":"(anonymous_0)","decl":{"start":{"line":4,"column":15},"end":{"line":4,"column":16}},"loc":{"start":{"line":4,"column":32},"end":{"line":10,"column":1}}}},"branchMap":{},"s":{"0":1,"1":1,"2":1,"3":1},"f":{"0":1},"b":{},"_coverageSchema":"332fd63041d2c1bcb487cc26dd0d5f7d97098a6c","hash":"2c102c776cbecee769395c2b4d24eaf4dc63a9a7"}
,"/Users/mschock/dev/datagrep/src/app/gradientDescent.js": {"path":"/Users/mschock/dev/datagrep/src/app/gradientDescent.js","statementMap":{"0":{"start":{"line":11,"column":12},"end":{"line":11,"column":30}},"1":{"start":{"line":12,"column":21},"end":{"line":12,"column":33}},"2":{"start":{"line":14,"column":2},"end":{"line":20,"column":3}},"3":{"start":{"line":15,"column":20},"end":{"line":15,"column":39}},"4":{"start":{"line":16,"column":17},"end":{"line":16,"column":41}},"5":{"start":{"line":17,"column":22},"end":{"line":17,"column":39}},"6":{"start":{"line":19,"column":4},"end":{"line":19,"column":38}},"7":{"start":{"line":22,"column":2},"end":{"line":22,"column":14}}},"fnMap":{"0":{"name":"(anonymous_0)","decl":{"start":{"line":10,"column":15},"end":{"line":10,"column":16}},"loc":{"start":{"line":10,"column":49},"end":{"line":23,"column":1}}}},"branchMap":{},"s":{"0":1,"1":1,"2":1,"3":1500,"4":1500,"5":1500,"6":1500,"7":1},"f":{"0":1},"b":{},"_coverageSchema":"332fd63041d2c1bcb487cc26dd0d5f7d97098a6c","hash":"840d4bb10cfff7977d5853e5c5d5dcd09c91cd6f"}
,"/Users/mschock/dev/datagrep/src/app/index.js": {"path":"/Users/mschock/dev/datagrep/src/app/index.js","statementMap":{},"fnMap":{},"branchMap":{},"s":{},"f":{},"b":{},"_coverageSchema":"332fd63041d2c1bcb487cc26dd0d5f7d97098a6c","hash":"e1e777eec0376013b471390a539b9e2acb54e60b"}
,"/Users/mschock/dev/datagrep/src/utils/common.js": {"path":"/Users/mschock/dev/datagrep/src/utils/common.js","statementMap":{"0":{"start":{"line":8,"column":2},"end":{"line":8,"column":35}}},"fnMap":{"0":{"name":"errors","decl":{"start":{"line":7,"column":9},"end":{"line":7,"column":15}},"loc":{"start":{"line":7,"column":30},"end":{"line":9,"column":1}}}},"branchMap":{},"s":{"0":1501},"f":{"0":1501},"b":{},"_coverageSchema":"332fd63041d2c1bcb487cc26dd0d5f7d97098a6c","hash":"1de4e11ad1a372d6eae9760cbf0959c988350433"}
,"/Users/mschock/dev/datagrep/src/utils/csv.js": {"path":"/Users/mschock/dev/datagrep/src/utils/csv.js","statementMap":{"0":{"start":{"line":7,"column":2},"end":{"line":13,"column":4}},"1":{"start":{"line":8,"column":22},"end":{"line":8,"column":42}},"2":{"start":{"line":9,"column":4},"end":{"line":12,"column":6}},"3":{"start":{"line":10,"column":6},"end":{"line":10,"column":26}},"4":{"start":{"line":10,"column":15},"end":{"line":10,"column":26}},"5":{"start":{"line":11,"column":6},"end":{"line":11,"column":21}}},"fnMap":{"0":{"name":"parseCsv","decl":{"start":{"line":6,"column":9},"end":{"line":6,"column":17}},"loc":{"start":{"line":6,"column":81},"end":{"line":14,"column":1}}},"1":{"name":"(anonymous_1)","decl":{"start":{"line":7,"column":21},"end":{"line":7,"column":22}},"loc":{"start":{"line":7,"column":48},"end":{"line":13,"column":3}}},"2":{"name":"(anonymous_2)","decl":{"start":{"line":9,"column":30},"end":{"line":9,"column":31}},"loc":{"start":{"line":9,"column":47},"end":{"line":12,"column":5}}}},"branchMap":{"0":{"loc":{"start":{"line":6,"column":25},"end":{"line":6,"column":79}},"type":"default-arg","locations":[{"start":{"line":6,"column":35},"end":{"line":6,"column":79}}]},"1":{"loc":{"start":{"line":10,"column":6},"end":{"line":10,"column":26}},"type":"if","locations":[{"start":{"line":10,"column":6},"end":{"line":10,"column":26}},{"start":{"line":10,"column":6},"end":{"line":10,"column":26}}]}},"s":{"0":2,"1":2,"2":2,"3":2,"4":0,"5":2},"f":{"0":2,"1":2,"2":2},"b":{"0":[2],"1":[0,2]},"_coverageSchema":"332fd63041d2c1bcb487cc26dd0d5f7d97098a6c","hash":"8ac713d6f364d210df963ed3384d56368f726422"}
,"/Users/mschock/dev/datagrep/src/utils/file.js": {"path":"/Users/mschock/dev/datagrep/src/utils/file.js","statementMap":{"0":{"start":{"line":6,"column":2},"end":{"line":11,"column":4}},"1":{"start":{"line":7,"column":4},"end":{"line":10,"column":6}},"2":{"start":{"line":8,"column":6},"end":{"line":8,"column":26}},"3":{"start":{"line":8,"column":15},"end":{"line":8,"column":26}},"4":{"start":{"line":9,"column":6},"end":{"line":9,"column":19}}},"fnMap":{"0":{"name":"readFile","decl":{"start":{"line":5,"column":9},"end":{"line":5,"column":17}},"loc":{"start":{"line":5,"column":25},"end":{"line":12,"column":1}}},"1":{"name":"(anonymous_1)","decl":{"start":{"line":6,"column":21},"end":{"line":6,"column":22}},"loc":{"start":{"line":6,"column":42},"end":{"line":11,"column":3}}},"2":{"name":"(anonymous_2)","decl":{"start":{"line":7,"column":30},"end":{"line":7,"column":31}},"loc":{"start":{"line":7,"column":45},"end":{"line":10,"column":5}}}},"branchMap":{"0":{"loc":{"start":{"line":8,"column":6},"end":{"line":8,"column":26}},"type":"if","locations":[{"start":{"line":8,"column":6},"end":{"line":8,"column":26}},{"start":{"line":8,"column":6},"end":{"line":8,"column":26}}]}},"s":{"0":2,"1":2,"2":2,"3":0,"4":2},"f":{"0":2,"1":2,"2":2},"b":{"0":[0,2]},"_coverageSchema":"332fd63041d2c1bcb487cc26dd0d5f7d97098a6c","hash":"cc3373a6ba276576d2668e9638cbcee13ef762db"}
,"/Users/mschock/dev/datagrep/src/utils/index.js": {"path":"/Users/mschock/dev/datagrep/src/utils/index.js","statementMap":{},"fnMap":{},"branchMap":{},"s":{},"f":{},"b":{},"_coverageSchema":"332fd63041d2c1bcb487cc26dd0d5f7d97098a6c","hash":"4ca212d4ea2d26178b7827fbb7f32e966834efed"}
,"/Users/mschock/dev/datagrep/src/utils/linearAlgebra.js": {"path":"/Users/mschock/dev/datagrep/src/utils/linearAlgebra.js","statementMap":{"0":{"start":{"line":16,"column":2},"end":{"line":16,"column":30}},"1":{"start":{"line":21,"column":2},"end":{"line":25,"column":3}},"2":{"start":{"line":22,"column":4},"end":{"line":22,"column":30}},"3":{"start":{"line":24,"column":4},"end":{"line":24,"column":30}},"4":{"start":{"line":26,"column":2},"end":{"line":26,"column":24}},"5":{"start":{"line":30,"column":2},"end":{"line":30,"column":46}},"6":{"start":{"line":34,"column":2},"end":{"line":34,"column":34}},"7":{"start":{"line":38,"column":2},"end":{"line":38,"column":34}},"8":{"start":{"line":42,"column":23},"end":{"line":42,"column":37}},"9":{"start":{"line":43,"column":29},"end":{"line":43,"column":47}},"10":{"start":{"line":44,"column":12},"end":{"line":44,"column":96}},"11":{"start":{"line":45,"column":12},"end":{"line":45,"column":46}},"12":{"start":{"line":47,"column":2},"end":{"line":47,"column":17}},"13":{"start":{"line":51,"column":2},"end":{"line":51,"column":35}},"14":{"start":{"line":55,"column":2},"end":{"line":55,"column":27}},"15":{"start":{"line":56,"column":2},"end":{"line":56,"column":44}},"16":{"start":{"line":60,"column":2},"end":{"line":60,"column":31}}},"fnMap":{"0":{"name":"dot","decl":{"start":{"line":15,"column":9},"end":{"line":15,"column":12}},"loc":{"start":{"line":15,"column":20},"end":{"line":17,"column":1}}},"1":{"name":"multiply","decl":{"start":{"line":19,"column":9},"end":{"line":19,"column":17}},"loc":{"start":{"line":19,"column":25},"end":{"line":27,"column":1}}},"2":{"name":"nullMatrix","decl":{"start":{"line":29,"column":9},"end":{"line":29,"column":19}},"loc":{"start":{"line":29,"column":39},"end":{"line":31,"column":1}}},"3":{"name":"numCols","decl":{"start":{"line":33,"column":9},"end":{"line":33,"column":16}},"loc":{"start":{"line":33,"column":26},"end":{"line":35,"column":1}}},"4":{"name":"numRows","decl":{"start":{"line":37,"column":9},"end":{"line":37,"column":16}},"loc":{"start":{"line":37,"column":26},"end":{"line":39,"column":1}}},"5":{"name":"splitXy","decl":{"start":{"line":41,"column":9},"end":{"line":41,"column":16}},"loc":{"start":{"line":41,"column":24},"end":{"line":48,"column":1}}},"6":{"name":"subtract","decl":{"start":{"line":50,"column":9},"end":{"line":50,"column":17}},"loc":{"start":{"line":50,"column":25},"end":{"line":52,"column":1}}},"7":{"name":"square","decl":{"start":{"line":54,"column":9},"end":{"line":54,"column":15}},"loc":{"start":{"line":54,"column":25},"end":{"line":57,"column":1}}},"8":{"name":"transpose","decl":{"start":{"line":59,"column":9},"end":{"line":59,"column":18}},"loc":{"start":{"line":59,"column":23},"end":{"line":61,"column":1}}}},"branchMap":{},"s":{"0":3001,"1":1500,"2":1500,"3":0,"4":1500,"5":2,"6":2,"7":2,"8":2,"9":2,"10":2,"11":2,"12":2,"13":3001,"14":1,"15":1,"16":1},"f":{"0":3001,"1":1500,"2":2,"3":2,"4":2,"5":2,"6":3001,"7":1,"8":1},"b":{},"_coverageSchema":"332fd63041d2c1bcb487cc26dd0d5f7d97098a6c","hash":"1a28f60e0a3923cc6ee335577e11f7802e26b8d1"}
}
