TN:
SF:/Users/mschock/dev/datagrep/src/index.js
FNF:0
FNH:0
LF:0
LH:0
BRF:0
BRH:0
end_of_record
TN:
SF:/Users/mschock/dev/datagrep/src/app/computeCost.js
FN:4,(anonymous_0)
FNF:1
FNH:1
FNDA:1,(anonymous_0)
DA:5,1
DA:6,1
DA:7,1
DA:9,1
LF:4
LH:4
BRF:0
BRH:0
end_of_record
TN:
SF:/Users/mschock/dev/datagrep/src/app/gradientDescent.js
FN:10,(anonymous_0)
FNF:1
FNH:1
FNDA:1,(anonymous_0)
DA:11,1
DA:12,1
DA:14,1
DA:15,1500
DA:16,1500
DA:17,1500
DA:19,1500
DA:22,1
LF:8
LH:8
BRF:0
BRH:0
end_of_record
TN:
SF:/Users/mschock/dev/datagrep/src/app/index.js
FNF:0
FNH:0
LF:0
LH:0
BRF:0
BRH:0
end_of_record
TN:
SF:/Users/mschock/dev/datagrep/src/utils/common.js
FN:7,errors
FNF:1
FNH:1
FNDA:1501,errors
DA:8,1501
LF:1
LH:1
BRF:0
BRH:0
end_of_record
TN:
SF:/Users/mschock/dev/datagrep/src/utils/csv.js
FN:6,parseCsv
FN:7,(anonymous_1)
FN:9,(anonymous_2)
FNF:3
FNH:3
FNDA:2,parseCsv
FNDA:2,(anonymous_1)
FNDA:2,(anonymous_2)
DA:7,2
DA:8,2
DA:9,2
DA:10,2
DA:11,2
LF:5
LH:5
BRDA:6,0,0,2
BRDA:10,1,0,0
BRDA:10,1,1,2
BRF:3
BRH:2
end_of_record
TN:
SF:/Users/mschock/dev/datagrep/src/utils/file.js
FN:5,readFile
FN:6,(anonymous_1)
FN:7,(anonymous_2)
FNF:3
FNH:3
FNDA:2,readFile
FNDA:2,(anonymous_1)
FNDA:2,(anonymous_2)
DA:6,2
DA:7,2
DA:8,2
DA:9,2
LF:4
LH:4
BRDA:8,0,0,0
BRDA:8,0,1,2
BRF:2
BRH:1
end_of_record
TN:
SF:/Users/mschock/dev/datagrep/src/utils/index.js
FNF:0
FNH:0
LF:0
LH:0
BRF:0
BRH:0
end_of_record
TN:
SF:/Users/mschock/dev/datagrep/src/utils/linearAlgebra.js
FN:15,dot
FN:19,multiply
FN:29,nullMatrix
FN:33,numCols
FN:37,numRows
FN:41,splitXy
FN:50,subtract
FN:54,square
FN:59,transpose
FNF:9
FNH:9
FNDA:3001,dot
FNDA:1500,multiply
FNDA:2,nullMatrix
FNDA:2,numCols
FNDA:2,numRows
FNDA:2,splitXy
FNDA:3001,subtract
FNDA:1,square
FNDA:1,transpose
DA:16,3001
DA:21,1500
DA:22,1500
DA:24,0
DA:26,1500
DA:30,2
DA:34,2
DA:38,2
DA:42,2
DA:43,2
DA:44,2
DA:45,2
DA:47,2
DA:51,3001
DA:55,1
DA:56,1
DA:60,1
LF:17
LH:16
BRF:0
BRH:0
end_of_record
